[debug] [2025-06-01T13:46:39.457Z] ----------------------------------------------------------------------
[debug] [2025-06-01T13:46:39.459Z] Command:       /Users/cchen/.nvm/versions/node/v22.11.0/bin/node /Users/cchen/.nvm/versions/node/v22.11.0/bin/firebase deploy --only hosting
[debug] [2025-06-01T13:46:39.460Z] CLI Version:   14.4.0
[debug] [2025-06-01T13:46:39.460Z] Platform:      darwin
[debug] [2025-06-01T13:46:39.460Z] Node Version:  v22.11.0
[debug] [2025-06-01T13:46:39.460Z] Time:          Sun Jun 01 2025 09:46:39 GMT-0400 (Eastern Daylight Time)
[debug] [2025-06-01T13:46:39.460Z] ----------------------------------------------------------------------
[debug] 
[debug] [2025-06-01T13:46:39.461Z] >>> [apiv2][query] GET https://firebase-public.firebaseio.com/cli.json [none]
[debug] [2025-06-01T13:46:39.587Z] > command requires scopes: ["email","openid","https://www.googleapis.com/auth/cloudplatformprojects.readonly","https://www.googleapis.com/auth/firebase","https://www.googleapis.com/auth/cloud-platform"]
[debug] [2025-06-01T13:46:39.587Z] > authorizing via signed-in user (chen.charles.c@gmail.com)
[debug] [2025-06-01T13:46:39.587Z] [iam] checking project chrlschn for permissions ["firebase.projects.get","firebasehosting.sites.update"]
[debug] [2025-06-01T13:46:39.588Z] Checked if tokens are valid: false, expires at: 1748234088846
[debug] [2025-06-01T13:46:39.588Z] Checked if tokens are valid: false, expires at: 1748234088846
[debug] [2025-06-01T13:46:39.588Z] > refreshing access token with scopes: []
[debug] [2025-06-01T13:46:39.588Z] >>> [apiv2][query] POST https://www.googleapis.com/oauth2/v3/token [none]
[debug] [2025-06-01T13:46:39.588Z] >>> [apiv2][body] POST https://www.googleapis.com/oauth2/v3/token [omitted]
[debug] [2025-06-01T13:46:39.724Z] <<< [apiv2][status] GET https://firebase-public.firebaseio.com/cli.json 200
[debug] [2025-06-01T13:46:39.724Z] <<< [apiv2][body] GET https://firebase-public.firebaseio.com/cli.json {"cloudBuildErrorAfter":1594252800000,"cloudBuildWarnAfter":1590019200000,"defaultNode10After":1594252800000,"minVersion":"3.0.5","node8DeploysDisabledAfter":1613390400000,"node8RuntimeDisabledAfter":1615809600000,"node8WarnAfter":1600128000000}
[debug] [2025-06-01T13:46:39.761Z] <<< [apiv2][status] POST https://www.googleapis.com/oauth2/v3/token 200
[debug] [2025-06-01T13:46:39.761Z] <<< [apiv2][body] POST https://www.googleapis.com/oauth2/v3/token [omitted]
[debug] [2025-06-01T13:46:39.776Z] >>> [apiv2][query] POST https://cloudresourcemanager.googleapis.com/v1/projects/chrlschn:testIamPermissions [none]
[debug] [2025-06-01T13:46:39.776Z] >>> [apiv2][(partial)header] POST https://cloudresourcemanager.googleapis.com/v1/projects/chrlschn:testIamPermissions x-goog-quota-user=projects/chrlschn
[debug] [2025-06-01T13:46:39.776Z] >>> [apiv2][body] POST https://cloudresourcemanager.googleapis.com/v1/projects/chrlschn:testIamPermissions {"permissions":["firebase.projects.get","firebasehosting.sites.update"]}
[debug] [2025-06-01T13:46:40.000Z] <<< [apiv2][status] POST https://cloudresourcemanager.googleapis.com/v1/projects/chrlschn:testIamPermissions 200
[debug] [2025-06-01T13:46:40.000Z] <<< [apiv2][body] POST https://cloudresourcemanager.googleapis.com/v1/projects/chrlschn:testIamPermissions {"permissions":["firebase.projects.get","firebasehosting.sites.update"]}
[debug] [2025-06-01T13:46:40.001Z] Checked if tokens are valid: true, expires at: 1748789198761
[debug] [2025-06-01T13:46:40.001Z] Checked if tokens are valid: true, expires at: 1748789198761
[debug] [2025-06-01T13:46:40.001Z] >>> [apiv2][query] GET https://firebase.googleapis.com/v1beta1/projects/chrlschn [none]
